pdt: ----------------------------------
pdt: Tue Oct 27 11:07:59 CET 2020
pdt: ----------------------------------
pdt: set debug output to LOGFILE
pdt: ----------------------------------
pdt: Tue Oct 27 11:07:59 CET 2020
pdt: ----------------------------------
pdt: set debug output to LOGFILE
pdt: WARNING - 27/10 11:08:11 - Prolog Process Default Process Work: Prolog warnings and errors during initialization:
Location: c:/users/benno/onedrive/studi/ooad/kleukersseu/eclipse/plugins/org.cs3.pdt.common_3.1.2.201504300958/pl/pdt_manual_entry.pl:22
Message: source_sink `library(helpidx)' does not exist

Location: c:/users/benno/onedrive/studi/ooad/kleukersseu/eclipse/plugins/org.cs3.pdt.common_3.1.2.201504300958/pl/pdt_manual_entry.pl:22
Message: Goal (directive) failed: pdt_manual_entry:use_module(library(helpidx))


pdt: ----------------------------------
pdt: Tue Oct 27 14:41:08 CET 2020
pdt: ----------------------------------
pdt: set debug output to LOGFILE
pdt: ----------------------------------
pdt: Tue Oct 27 14:41:08 CET 2020
pdt: ----------------------------------
pdt: set debug output to LOGFILE
pdt: WARNING - 27/10 14:41:10 - Prolog Process Default Process Work: Prolog warnings and errors during initialization:
Location: c:/users/benno/onedrive/studi/ooad/kleukersseu/eclipse/plugins/org.cs3.pdt.common_3.1.2.201504300958/pl/pdt_manual_entry.pl:22
Message: source_sink `library(helpidx)' does not exist

Location: c:/users/benno/onedrive/studi/ooad/kleukersseu/eclipse/plugins/org.cs3.pdt.common_3.1.2.201504300958/pl/pdt_manual_entry.pl:22
Message: Goal (directive) failed: pdt_manual_entry:use_module(library(helpidx))


pdt: ----------------------------------
pdt: Tue Oct 27 16:31:30 CET 2020
pdt: ----------------------------------
pdt: set debug output to LOGFILE
pdt: ----------------------------------
pdt: Tue Oct 27 16:31:30 CET 2020
pdt: ----------------------------------
pdt: set debug output to LOGFILE
pdt: WARNING - 27/10 16:31:32 - Prolog Process Default Process Work: Prolog warnings and errors during initialization:
Location: c:/users/benno/onedrive/studi/ooad/kleukersseu/eclipse/plugins/org.cs3.pdt.common_3.1.2.201504300958/pl/pdt_manual_entry.pl:22
Message: source_sink `library(helpidx)' does not exist

Location: c:/users/benno/onedrive/studi/ooad/kleukersseu/eclipse/plugins/org.cs3.pdt.common_3.1.2.201504300958/pl/pdt_manual_entry.pl:22
Message: Goal (directive) failed: pdt_manual_entry:use_module(library(helpidx))


pdt: ----------------------------------
pdt: Tue Nov 03 16:16:46 CET 2020
pdt: ----------------------------------
pdt: set debug output to LOGFILE
pdt: ----------------------------------
pdt: Tue Nov 03 16:16:46 CET 2020
pdt: ----------------------------------
pdt: set debug output to LOGFILE
pdt: WARNING - 03/11 16:16:49 - Prolog Process Default Process Work: Prolog warnings and errors during initialization:
Location: c:/users/benno/onedrive/studi/ooad/kleukersseu/eclipse/plugins/org.cs3.pdt.common_3.1.2.201504300958/pl/pdt_manual_entry.pl:22
Message: source_sink `library(helpidx)' does not exist

Location: c:/users/benno/onedrive/studi/ooad/kleukersseu/eclipse/plugins/org.cs3.pdt.common_3.1.2.201504300958/pl/pdt_manual_entry.pl:22
Message: Goal (directive) failed: pdt_manual_entry:use_module(library(helpidx))


