c:\users\benno\onedrive\studi\cg\blatt 3\cgvstudio\cgvstudio\debug\vc142.pdb
c:\users\benno\onedrive\studi\cg\blatt 3\cgvstudio\cgvstudio\debug\vc142.idb
c:\users\benno\onedrive\studi\cg\blatt 3\cgvstudio\cgvstudio\debug\vector.obj
c:\users\benno\onedrive\studi\cg\blatt 3\cgvstudio\cgvstudio\debug\trianglespheremodel.obj
c:\users\benno\onedrive\studi\cg\blatt 3\cgvstudio\cgvstudio\debug\triangleplanemodel.obj
c:\users\benno\onedrive\studi\cg\blatt 3\cgvstudio\cgvstudio\debug\triangleboxmodel.obj
c:\users\benno\onedrive\studi\cg\blatt 3\cgvstudio\cgvstudio\debug\texture.obj
c:\users\benno\onedrive\studi\cg\blatt 3\cgvstudio\cgvstudio\debug\rgbimage.obj
c:\users\benno\onedrive\studi\cg\blatt 3\cgvstudio\cgvstudio\debug\phongshader.obj
c:\users\benno\onedrive\studi\cg\blatt 3\cgvstudio\cgvstudio\debug\model.obj
c:\users\benno\onedrive\studi\cg\blatt 3\cgvstudio\cgvstudio\debug\matrix.obj
c:\users\benno\onedrive\studi\cg\blatt 3\cgvstudio\cgvstudio\debug\main.obj
c:\users\benno\onedrive\studi\cg\blatt 3\cgvstudio\cgvstudio\debug\lineplanemodel.obj
c:\users\benno\onedrive\studi\cg\blatt 3\cgvstudio\cgvstudio\debug\lineboxmodel.obj
c:\users\benno\onedrive\studi\cg\blatt 3\cgvstudio\cgvstudio\debug\indexbuffer.obj
c:\users\benno\onedrive\studi\cg\blatt 3\cgvstudio\cgvstudio\debug\constantshader.obj
c:\users\benno\onedrive\studi\cg\blatt 3\cgvstudio\cgvstudio\debug\color.obj
c:\users\benno\onedrive\studi\cg\blatt 3\cgvstudio\cgvstudio\debug\camera.obj
c:\users\benno\onedrive\studi\cg\blatt 3\cgvstudio\cgvstudio\debug\baseshader.obj
c:\users\benno\onedrive\studi\cg\blatt 3\cgvstudio\cgvstudio\debug\basemodel.obj
c:\users\benno\onedrive\studi\cg\blatt 3\cgvstudio\cgvstudio\debug\application.obj
c:\users\benno\onedrive\studi\cg\blatt 3\cgvstudio\cgvstudio\debug\aabb.obj
c:\users\benno\onedrive\studi\cg\blatt 3\cgvstudio\cgvstudio\debug\vertexbuffer.obj
c:\users\benno\onedrive\studi\cg\blatt 3\cgvstudio\debug\cgvstudio.exe
c:\users\benno\onedrive\studi\cg\blatt 3\cgvstudio\debug\cgvstudio.ilk
c:\users\benno\onedrive\studi\cg\blatt 3\cgvstudio\debug\cgvstudio.pdb
c:\users\benno\onedrive\studi\cg\blatt 3\cgvstudio\cgvstudio\debug\cgvstudio.tlog\cl.command.1.tlog
c:\users\benno\onedrive\studi\cg\blatt 3\cgvstudio\cgvstudio\debug\cgvstudio.tlog\cl.read.1.tlog
c:\users\benno\onedrive\studi\cg\blatt 3\cgvstudio\cgvstudio\debug\cgvstudio.tlog\cl.write.1.tlog
c:\users\benno\onedrive\studi\cg\blatt 3\cgvstudio\cgvstudio\debug\cgvstudio.tlog\link.command.1.tlog
c:\users\benno\onedrive\studi\cg\blatt 3\cgvstudio\cgvstudio\debug\cgvstudio.tlog\link.read.1.tlog
c:\users\benno\onedrive\studi\cg\blatt 3\cgvstudio\cgvstudio\debug\cgvstudio.tlog\link.write.1.tlog
