27-May-2020 10:21:47.666 INFORMATION [main] org.apache.catalina.startup.VersionLoggerListener.log 
 Server Version:        Apache Tomcat/9.0.35
27-May-2020 10:21:47.668 INFORMATION [main] org.apache.catalina.startup.VersionLoggerListener.log Server built:          May 5 2020 20:36:20 UTC
27-May-2020 10:21:47.668 INFORMATION [main] org.apache.catalina.startup.VersionLoggerListener.log Server version number: 9.0.35.0
27-May-2020 10:21:47.668 INFORMATION [main] org.apache.catalina.startup.VersionLoggerListener.log OS Name:               Windows 10
27-May-2020 10:21:47.668 INFORMATION [main] org.apache.catalina.startup.VersionLoggerListener.log OS Version:            10.0
27-May-2020 10:21:47.668 INFORMATION [main] org.apache.catalina.startup.VersionLoggerListener.log Architektur:          amd64
27-May-2020 10:21:47.668 INFORMATION [main] org.apache.catalina.startup.VersionLoggerListener.log Java Home:             C:\Program Files\AdoptOpenJDK\jdk-8.0.222.10-hotspot\jre
27-May-2020 10:21:47.668 INFORMATION [main] org.apache.catalina.startup.VersionLoggerListener.log JVM Version:           1.8.0_222-b10
27-May-2020 10:21:47.668 INFORMATION [main] org.apache.catalina.startup.VersionLoggerListener.log JVM Hersteller:            
27-May-2020 10:21:47.668 INFORMATION [main] org.apache.catalina.startup.VersionLoggerListener.log 
 CATALINA_BASE:         C:\Users\benno\OneDrive\Studi\VTS\tomcat\apache-tomcat-9.0.35
27-May-2020 10:21:47.668 INFORMATION [main] org.apache.catalina.startup.VersionLoggerListener.log CATALINA_HOME:         C:\Users\benno\OneDrive\Studi\VTS\tomcat\apache-tomcat-9.0.35
27-May-2020 10:21:47.669 INFORMATION [main] org.apache.catalina.startup.VersionLoggerListener.log Command line argument: -Djava.util.logging.config.file=C:\Users\benno\OneDrive\Studi\VTS\tomcat\apache-tomcat-9.0.35\conf\logging.properties
27-May-2020 10:21:47.669 INFORMATION [main] org.apache.catalina.startup.VersionLoggerListener.log Command line argument: -Djava.util.logging.manager=org.apache.juli.ClassLoaderLogManager
27-May-2020 10:21:47.669 INFORMATION [main] org.apache.catalina.startup.VersionLoggerListener.log Command line argument: -Dhttp.nonProxyHosts=localhost|127.0.0.1|DESKTOP-0TCVC67
27-May-2020 10:21:47.669 INFORMATION [main] org.apache.catalina.startup.VersionLoggerListener.log Command line argument: -Djdk.tls.ephemeralDHKeySize=2048
27-May-2020 10:21:47.669 INFORMATION [main] org.apache.catalina.startup.VersionLoggerListener.log Command line argument: -Djava.protocol.handler.pkgs=org.apache.catalina.webresources
27-May-2020 10:21:47.669 INFORMATION [main] org.apache.catalina.startup.VersionLoggerListener.log Command line argument: -Dignore.endorsed.dirs=
27-May-2020 10:21:47.670 INFORMATION [main] org.apache.catalina.startup.VersionLoggerListener.log Command line argument: -Dcatalina.base=C:\Users\benno\OneDrive\Studi\VTS\tomcat\apache-tomcat-9.0.35
27-May-2020 10:21:47.670 INFORMATION [main] org.apache.catalina.startup.VersionLoggerListener.log Command line argument: -Dcatalina.home=C:\Users\benno\OneDrive\Studi\VTS\tomcat\apache-tomcat-9.0.35
27-May-2020 10:21:47.670 INFORMATION [main] org.apache.catalina.startup.VersionLoggerListener.log Command line argument: -Djava.io.tmpdir=C:\Users\benno\OneDrive\Studi\VTS\tomcat\apache-tomcat-9.0.35\temp
27-May-2020 10:21:47.670 INFORMATION [main] org.apache.catalina.core.AprLifecycleListener.lifecycleEvent Loaded Apache Tomcat Native library [1.2.24] using APR version [1.7.0].
27-May-2020 10:21:47.670 INFORMATION [main] org.apache.catalina.core.AprLifecycleListener.lifecycleEvent APR capabilities: IPv6 [true], sendfile [true], accept filters [false], random [true].
27-May-2020 10:21:47.670 INFORMATION [main] org.apache.catalina.core.AprLifecycleListener.lifecycleEvent APR/OpenSSL configuration: useAprConnector [false], useOpenSSL [true]
27-May-2020 10:21:47.676 INFORMATION [main] org.apache.catalina.core.AprLifecycleListener.initializeSSL OpenSSL successfully initialized [OpenSSL 1.1.1g  21 Apr 2020]
27-May-2020 10:21:47.863 INFORMATION [main] org.apache.coyote.AbstractProtocol.init Initialisiere ProtocolHandler["http-nio-8080"]
27-May-2020 10:21:48.619 INFORMATION [main] org.apache.catalina.startup.Catalina.load Server initialization in [1.096] milliseconds
27-May-2020 10:21:48.640 INFORMATION [main] org.apache.catalina.core.StandardService.startInternal Starting service [Catalina]
27-May-2020 10:21:48.640 INFORMATION [main] org.apache.catalina.core.StandardEngine.startInternal Starting Servlet engine: [Apache Tomcat/9.0.35]
27-May-2020 10:21:48.646 INFORMATION [main] org.apache.catalina.startup.HostConfig.deployDescriptor Deploying deployment descriptor [C:\Users\benno\OneDrive\Studi\VTS\tomcat\apache-tomcat-9.0.35\conf\Catalina\localhost\projekt.xml]
27-May-2020 10:21:48.657 WARNUNG [main] org.apache.catalina.startup.HostConfig.deployDescriptor The path attribute with value [/projekt] in deployment descriptor [C:\Users\benno\OneDrive\Studi\VTS\tomcat\apache-tomcat-9.0.35\conf\Catalina\localhost\projekt.xml] has been ignored
27-May-2020 10:21:48.835 INFORMATION [main] org.apache.catalina.startup.HostConfig.deployDescriptor Deployment of deployment descriptor [C:\Users\benno\OneDrive\Studi\VTS\tomcat\apache-tomcat-9.0.35\conf\Catalina\localhost\projekt.xml] has finished in [190] ms
27-May-2020 10:21:48.835 INFORMATION [main] org.apache.catalina.startup.HostConfig.deployDirectory Deploye Web-Applikations-Verzeichnis [C:\Users\benno\OneDrive\Studi\VTS\tomcat\apache-tomcat-9.0.35\webapps\docs]
27-May-2020 10:21:48.853 INFORMATION [main] org.apache.catalina.startup.HostConfig.deployDirectory Deployment of web application directory [C:\Users\benno\OneDrive\Studi\VTS\tomcat\apache-tomcat-9.0.35\webapps\docs] has finished in [18] ms
27-May-2020 10:21:48.853 INFORMATION [main] org.apache.catalina.startup.HostConfig.deployDirectory Deploye Web-Applikations-Verzeichnis [C:\Users\benno\OneDrive\Studi\VTS\tomcat\apache-tomcat-9.0.35\webapps\examples]
27-May-2020 10:21:49.187 INFORMATION [main] org.apache.catalina.startup.HostConfig.deployDirectory Deployment of web application directory [C:\Users\benno\OneDrive\Studi\VTS\tomcat\apache-tomcat-9.0.35\webapps\examples] has finished in [334] ms
27-May-2020 10:21:49.188 INFORMATION [main] org.apache.catalina.startup.HostConfig.deployDirectory Deploye Web-Applikations-Verzeichnis [C:\Users\benno\OneDrive\Studi\VTS\tomcat\apache-tomcat-9.0.35\webapps\host-manager]
27-May-2020 10:21:49.215 INFORMATION [main] org.apache.catalina.startup.HostConfig.deployDirectory Deployment of web application directory [C:\Users\benno\OneDrive\Studi\VTS\tomcat\apache-tomcat-9.0.35\webapps\host-manager] has finished in [27] ms
27-May-2020 10:21:49.216 INFORMATION [main] org.apache.catalina.startup.HostConfig.deployDirectory Deploye Web-Applikations-Verzeichnis [C:\Users\benno\OneDrive\Studi\VTS\tomcat\apache-tomcat-9.0.35\webapps\manager]
27-May-2020 10:21:49.239 INFORMATION [main] org.apache.catalina.startup.HostConfig.deployDirectory Deployment of web application directory [C:\Users\benno\OneDrive\Studi\VTS\tomcat\apache-tomcat-9.0.35\webapps\manager] has finished in [22] ms
27-May-2020 10:21:49.239 INFORMATION [main] org.apache.catalina.startup.HostConfig.deployDirectory Deploye Web-Applikations-Verzeichnis [C:\Users\benno\OneDrive\Studi\VTS\tomcat\apache-tomcat-9.0.35\webapps\ROOT]
27-May-2020 10:21:49.257 INFORMATION [main] org.apache.catalina.startup.HostConfig.deployDirectory Deployment of web application directory [C:\Users\benno\OneDrive\Studi\VTS\tomcat\apache-tomcat-9.0.35\webapps\ROOT] has finished in [18] ms
27-May-2020 10:21:49.259 INFORMATION [main] org.apache.coyote.AbstractProtocol.start Starting ProtocolHandler ["http-nio-8080"]
27-May-2020 10:21:49.264 INFORMATION [main] org.apache.catalina.startup.Catalina.start Server startup in [645] milliseconds
27-May-2020 10:22:48.731 INFORMATION [http-nio-8080-exec-4] org.apache.catalina.startup.HostConfig.deployDescriptor Deploying deployment descriptor [C:\Users\benno\OneDrive\Studi\VTS\tomcat\apache-tomcat-9.0.35\conf\Catalina\localhost\VS_P08_BillBoard.xml]
27-May-2020 10:22:48.731 WARNUNG [http-nio-8080-exec-4] org.apache.catalina.startup.HostConfig.deployDescriptor The path attribute with value [/VS_P08_BillBoard] in deployment descriptor [C:\Users\benno\OneDrive\Studi\VTS\tomcat\apache-tomcat-9.0.35\conf\Catalina\localhost\VS_P08_BillBoard.xml] has been ignored
27-May-2020 10:22:48.734 WARNUNG [http-nio-8080-exec-4] org.apache.catalina.startup.SetContextPropertiesRule.begin [SetContextPropertiesRule]{Context} Setting property 'antiJARLocking' to 'true' did not find a matching property.
27-May-2020 10:22:48.762 INFORMATION [http-nio-8080-exec-4] org.apache.catalina.startup.HostConfig.deployDescriptor Deployment of deployment descriptor [C:\Users\benno\OneDrive\Studi\VTS\tomcat\apache-tomcat-9.0.35\conf\Catalina\localhost\VS_P08_BillBoard.xml] has finished in [31] ms
27-May-2020 10:22:48.765 INFORMATION [http-nio-8080-exec-10] org.apache.catalina.util.LifecycleBase.start The start() method was called on component [StandardEngine[Catalina].StandardHost[localhost].StandardContext[/VS_P08_BillBoard]] after start() had already been called. The second call will be ignored.
27-May-2020 10:29:36.547 INFORMATION [main] org.apache.catalina.core.StandardServer.await A valid shutdown command was received via the shutdown port. Stopping the Server instance.
27-May-2020 10:29:36.547 INFORMATION [main] org.apache.coyote.AbstractProtocol.pause Pausing ProtocolHandler ["http-nio-8080"]
27-May-2020 10:29:37.221 INFORMATION [main] org.apache.catalina.core.StandardService.stopInternal Stopping service [Catalina]
27-May-2020 10:29:37.245 INFORMATION [main] org.apache.coyote.AbstractProtocol.stop Stopping ProtocolHandler ["http-nio-8080"]
27-May-2020 10:29:37.245 INFORMATION [main] org.apache.coyote.AbstractProtocol.destroy Destroying ProtocolHandler ["http-nio-8080"]
27-May-2020 10:29:43.559 INFORMATION [main] org.apache.catalina.startup.VersionLoggerListener.log 
 Server Version:        Apache Tomcat/9.0.35
27-May-2020 10:29:43.560 INFORMATION [main] org.apache.catalina.startup.VersionLoggerListener.log Server built:          May 5 2020 20:36:20 UTC
27-May-2020 10:29:43.560 INFORMATION [main] org.apache.catalina.startup.VersionLoggerListener.log Server version number: 9.0.35.0
27-May-2020 10:29:43.560 INFORMATION [main] org.apache.catalina.startup.VersionLoggerListener.log OS Name:               Windows 10
27-May-2020 10:29:43.560 INFORMATION [main] org.apache.catalina.startup.VersionLoggerListener.log OS Version:            10.0
27-May-2020 10:29:43.561 INFORMATION [main] org.apache.catalina.startup.VersionLoggerListener.log Architektur:          amd64
27-May-2020 10:29:43.561 INFORMATION [main] org.apache.catalina.startup.VersionLoggerListener.log Java Home:             C:\Program Files\AdoptOpenJDK\jdk-8.0.222.10-hotspot\jre
27-May-2020 10:29:43.561 INFORMATION [main] org.apache.catalina.startup.VersionLoggerListener.log JVM Version:           1.8.0_222-b10
27-May-2020 10:29:43.561 INFORMATION [main] org.apache.catalina.startup.VersionLoggerListener.log JVM Hersteller:            
27-May-2020 10:29:43.561 INFORMATION [main] org.apache.catalina.startup.VersionLoggerListener.log 
 CATALINA_BASE:         C:\Users\benno\OneDrive\Studi\VTS\tomcat\apache-tomcat-9.0.35
27-May-2020 10:29:43.561 INFORMATION [main] org.apache.catalina.startup.VersionLoggerListener.log CATALINA_HOME:         C:\Users\benno\OneDrive\Studi\VTS\tomcat\apache-tomcat-9.0.35
27-May-2020 10:29:43.562 INFORMATION [main] org.apache.catalina.startup.VersionLoggerListener.log Command line argument: -Djava.util.logging.config.file=C:\Users\benno\OneDrive\Studi\VTS\tomcat\apache-tomcat-9.0.35\conf\logging.properties
27-May-2020 10:29:43.562 INFORMATION [main] org.apache.catalina.startup.VersionLoggerListener.log Command line argument: -Djava.util.logging.manager=org.apache.juli.ClassLoaderLogManager
27-May-2020 10:29:43.562 INFORMATION [main] org.apache.catalina.startup.VersionLoggerListener.log Command line argument: -Dhttp.nonProxyHosts=localhost|127.0.0.1|DESKTOP-0TCVC67
27-May-2020 10:29:43.562 INFORMATION [main] org.apache.catalina.startup.VersionLoggerListener.log Command line argument: -Djdk.tls.ephemeralDHKeySize=2048
27-May-2020 10:29:43.562 INFORMATION [main] org.apache.catalina.startup.VersionLoggerListener.log Command line argument: -Djava.protocol.handler.pkgs=org.apache.catalina.webresources
27-May-2020 10:29:43.562 INFORMATION [main] org.apache.catalina.startup.VersionLoggerListener.log Command line argument: -Dignore.endorsed.dirs=
27-May-2020 10:29:43.562 INFORMATION [main] org.apache.catalina.startup.VersionLoggerListener.log Command line argument: -Dcatalina.base=C:\Users\benno\OneDrive\Studi\VTS\tomcat\apache-tomcat-9.0.35
27-May-2020 10:29:43.562 INFORMATION [main] org.apache.catalina.startup.VersionLoggerListener.log Command line argument: -Dcatalina.home=C:\Users\benno\OneDrive\Studi\VTS\tomcat\apache-tomcat-9.0.35
27-May-2020 10:29:43.562 INFORMATION [main] org.apache.catalina.startup.VersionLoggerListener.log Command line argument: -Djava.io.tmpdir=C:\Users\benno\OneDrive\Studi\VTS\tomcat\apache-tomcat-9.0.35\temp
27-May-2020 10:29:43.562 INFORMATION [main] org.apache.catalina.core.AprLifecycleListener.lifecycleEvent Loaded Apache Tomcat Native library [1.2.24] using APR version [1.7.0].
27-May-2020 10:29:43.562 INFORMATION [main] org.apache.catalina.core.AprLifecycleListener.lifecycleEvent APR capabilities: IPv6 [true], sendfile [true], accept filters [false], random [true].
27-May-2020 10:29:43.562 INFORMATION [main] org.apache.catalina.core.AprLifecycleListener.lifecycleEvent APR/OpenSSL configuration: useAprConnector [false], useOpenSSL [true]
27-May-2020 10:29:43.568 INFORMATION [main] org.apache.catalina.core.AprLifecycleListener.initializeSSL OpenSSL successfully initialized [OpenSSL 1.1.1g  21 Apr 2020]
27-May-2020 10:29:43.749 INFORMATION [main] org.apache.coyote.AbstractProtocol.init Initialisiere ProtocolHandler["http-nio-8080"]
27-May-2020 10:29:44.512 INFORMATION [main] org.apache.catalina.startup.Catalina.load Server initialization in [1.079] milliseconds
27-May-2020 10:29:44.531 INFORMATION [main] org.apache.catalina.core.StandardService.startInternal Starting service [Catalina]
27-May-2020 10:29:44.531 INFORMATION [main] org.apache.catalina.core.StandardEngine.startInternal Starting Servlet engine: [Apache Tomcat/9.0.35]
27-May-2020 10:29:44.538 INFORMATION [main] org.apache.catalina.startup.HostConfig.deployDescriptor Deploying deployment descriptor [C:\Users\benno\OneDrive\Studi\VTS\tomcat\apache-tomcat-9.0.35\conf\Catalina\localhost\projekt.xml]
27-May-2020 10:29:44.549 WARNUNG [main] org.apache.catalina.startup.HostConfig.deployDescriptor The path attribute with value [/projekt] in deployment descriptor [C:\Users\benno\OneDrive\Studi\VTS\tomcat\apache-tomcat-9.0.35\conf\Catalina\localhost\projekt.xml] has been ignored
27-May-2020 10:29:44.716 INFORMATION [main] org.apache.catalina.startup.HostConfig.deployDescriptor Deployment of deployment descriptor [C:\Users\benno\OneDrive\Studi\VTS\tomcat\apache-tomcat-9.0.35\conf\Catalina\localhost\projekt.xml] has finished in [178] ms
27-May-2020 10:29:44.717 INFORMATION [main] org.apache.catalina.startup.HostConfig.deployDescriptor Deploying deployment descriptor [C:\Users\benno\OneDrive\Studi\VTS\tomcat\apache-tomcat-9.0.35\conf\Catalina\localhost\VS_P08_BillBoard.xml]
27-May-2020 10:29:44.717 WARNUNG [main] org.apache.catalina.startup.HostConfig.deployDescriptor The path attribute with value [/VS_P08_BillBoard] in deployment descriptor [C:\Users\benno\OneDrive\Studi\VTS\tomcat\apache-tomcat-9.0.35\conf\Catalina\localhost\VS_P08_BillBoard.xml] has been ignored
27-May-2020 10:29:44.720 WARNUNG [main] org.apache.catalina.startup.SetContextPropertiesRule.begin [SetContextPropertiesRule]{Context} Setting property 'antiJARLocking' to 'true' did not find a matching property.
27-May-2020 10:29:44.754 INFORMATION [main] org.apache.catalina.startup.HostConfig.deployDescriptor Deployment of deployment descriptor [C:\Users\benno\OneDrive\Studi\VTS\tomcat\apache-tomcat-9.0.35\conf\Catalina\localhost\VS_P08_BillBoard.xml] has finished in [38] ms
27-May-2020 10:29:44.755 INFORMATION [main] org.apache.catalina.startup.HostConfig.deployDirectory Deploye Web-Applikations-Verzeichnis [C:\Users\benno\OneDrive\Studi\VTS\tomcat\apache-tomcat-9.0.35\webapps\docs]
27-May-2020 10:29:44.771 INFORMATION [main] org.apache.catalina.startup.HostConfig.deployDirectory Deployment of web application directory [C:\Users\benno\OneDrive\Studi\VTS\tomcat\apache-tomcat-9.0.35\webapps\docs] has finished in [16] ms
27-May-2020 10:29:44.771 INFORMATION [main] org.apache.catalina.startup.HostConfig.deployDirectory Deploye Web-Applikations-Verzeichnis [C:\Users\benno\OneDrive\Studi\VTS\tomcat\apache-tomcat-9.0.35\webapps\examples]
27-May-2020 10:29:44.998 INFORMATION [main] org.apache.catalina.startup.HostConfig.deployDirectory Deployment of web application directory [C:\Users\benno\OneDrive\Studi\VTS\tomcat\apache-tomcat-9.0.35\webapps\examples] has finished in [227] ms
27-May-2020 10:29:44.999 INFORMATION [main] org.apache.catalina.startup.HostConfig.deployDirectory Deploye Web-Applikations-Verzeichnis [C:\Users\benno\OneDrive\Studi\VTS\tomcat\apache-tomcat-9.0.35\webapps\host-manager]
27-May-2020 10:29:45.022 INFORMATION [main] org.apache.catalina.startup.HostConfig.deployDirectory Deployment of web application directory [C:\Users\benno\OneDrive\Studi\VTS\tomcat\apache-tomcat-9.0.35\webapps\host-manager] has finished in [24] ms
27-May-2020 10:29:45.023 INFORMATION [main] org.apache.catalina.startup.HostConfig.deployDirectory Deploye Web-Applikations-Verzeichnis [C:\Users\benno\OneDrive\Studi\VTS\tomcat\apache-tomcat-9.0.35\webapps\manager]
27-May-2020 10:29:45.043 INFORMATION [main] org.apache.catalina.startup.HostConfig.deployDirectory Deployment of web application directory [C:\Users\benno\OneDrive\Studi\VTS\tomcat\apache-tomcat-9.0.35\webapps\manager] has finished in [21] ms
27-May-2020 10:29:45.043 INFORMATION [main] org.apache.catalina.startup.HostConfig.deployDirectory Deploye Web-Applikations-Verzeichnis [C:\Users\benno\OneDrive\Studi\VTS\tomcat\apache-tomcat-9.0.35\webapps\ROOT]
27-May-2020 10:29:45.062 INFORMATION [main] org.apache.catalina.startup.HostConfig.deployDirectory Deployment of web application directory [C:\Users\benno\OneDrive\Studi\VTS\tomcat\apache-tomcat-9.0.35\webapps\ROOT] has finished in [19] ms
27-May-2020 10:29:45.064 INFORMATION [main] org.apache.coyote.AbstractProtocol.start Starting ProtocolHandler ["http-nio-8080"]
27-May-2020 10:29:45.069 INFORMATION [main] org.apache.catalina.startup.Catalina.start Server startup in [556] milliseconds
27-May-2020 10:44:43.165 INFORMATION [http-nio-8080-exec-1] org.apache.catalina.core.StandardContext.reload Reloading Context with name [/VS_P08_BillBoard] has started
27-May-2020 10:44:43.203 INFORMATION [http-nio-8080-exec-1] org.apache.catalina.core.StandardContext.reload Reloading Context with name [/VS_P08_BillBoard] is completed
27-May-2020 10:50:21.514 INFORMATION [http-nio-8080-exec-19] org.apache.catalina.core.StandardContext.reload Reloading Context with name [/VS_P08_BillBoard] has started
27-May-2020 10:50:21.544 INFORMATION [http-nio-8080-exec-19] org.apache.catalina.core.StandardContext.reload Reloading Context with name [/VS_P08_BillBoard] is completed
27-May-2020 10:50:48.173 INFORMATION [http-nio-8080-exec-16] org.apache.catalina.core.StandardContext.reload Reloading Context with name [/VS_P08_BillBoard] has started
27-May-2020 10:50:48.207 INFORMATION [http-nio-8080-exec-16] org.apache.catalina.core.StandardContext.reload Reloading Context with name [/VS_P08_BillBoard] is completed
27-May-2020 10:51:16.641 INFORMATION [http-nio-8080-exec-15] org.apache.catalina.core.StandardContext.reload Reloading Context with name [/VS_P08_BillBoard] has started
27-May-2020 10:51:16.698 INFORMATION [http-nio-8080-exec-15] org.apache.catalina.core.StandardContext.reload Reloading Context with name [/VS_P08_BillBoard] is completed
27-May-2020 10:52:51.670 INFORMATION [http-nio-8080-exec-35] org.apache.catalina.core.StandardContext.reload Reloading Context with name [/VS_P08_BillBoard] has started
27-May-2020 10:52:51.701 INFORMATION [http-nio-8080-exec-35] org.apache.catalina.core.StandardContext.reload Reloading Context with name [/VS_P08_BillBoard] is completed
27-May-2020 10:52:51.797 INFORMATION [http-nio-8080-exec-34] org.apache.catalina.core.StandardContext.reload Reloading Context with name [/VS_P08_BillBoard] has started
27-May-2020 10:52:51.827 INFORMATION [http-nio-8080-exec-34] org.apache.catalina.core.StandardContext.reload Reloading Context with name [/VS_P08_BillBoard] is completed
27-May-2020 10:53:37.454 INFORMATION [http-nio-8080-exec-41] org.apache.catalina.core.StandardContext.reload Reloading Context with name [/VS_P08_BillBoard] has started
27-May-2020 10:53:37.487 INFORMATION [http-nio-8080-exec-41] org.apache.catalina.core.StandardContext.reload Reloading Context with name [/VS_P08_BillBoard] is completed
27-May-2020 10:54:45.306 INFORMATION [http-nio-8080-exec-45] org.apache.catalina.core.StandardContext.reload Reloading Context with name [/VS_P08_BillBoard] has started
27-May-2020 10:54:45.333 INFORMATION [http-nio-8080-exec-45] org.apache.catalina.core.StandardContext.reload Reloading Context with name [/VS_P08_BillBoard] is completed
27-May-2020 10:58:30.741 INFORMATION [http-nio-8080-exec-60] org.apache.catalina.core.StandardContext.reload Reloading Context with name [/VS_P08_BillBoard] has started
27-May-2020 10:58:30.770 INFORMATION [http-nio-8080-exec-60] org.apache.catalina.core.StandardContext.reload Reloading Context with name [/VS_P08_BillBoard] is completed
27-May-2020 11:05:38.210 INFORMATION [http-nio-8080-exec-65] org.apache.catalina.core.StandardContext.reload Reloading Context with name [/VS_P08_BillBoard] has started
27-May-2020 11:05:38.241 INFORMATION [http-nio-8080-exec-65] org.apache.catalina.core.StandardContext.reload Reloading Context with name [/VS_P08_BillBoard] is completed
27-May-2020 11:07:47.532 INFORMATION [http-nio-8080-exec-78] org.apache.catalina.core.StandardContext.reload Reloading Context with name [/VS_P08_BillBoard] has started
27-May-2020 11:07:47.562 INFORMATION [http-nio-8080-exec-78] org.apache.catalina.core.StandardContext.reload Reloading Context with name [/VS_P08_BillBoard] is completed
27-May-2020 11:08:07.026 INFORMATION [http-nio-8080-exec-80] org.apache.catalina.core.StandardContext.reload Reloading Context with name [/VS_P08_BillBoard] has started
27-May-2020 11:08:07.052 INFORMATION [http-nio-8080-exec-80] org.apache.catalina.core.StandardContext.reload Reloading Context with name [/VS_P08_BillBoard] is completed
27-May-2020 11:08:18.817 INFORMATION [http-nio-8080-exec-82] org.apache.catalina.core.StandardContext.reload Reloading Context with name [/VS_P08_BillBoard] has started
27-May-2020 11:08:18.844 INFORMATION [http-nio-8080-exec-82] org.apache.catalina.core.StandardContext.reload Reloading Context with name [/VS_P08_BillBoard] is completed
27-May-2020 11:15:40.799 INFORMATION [http-nio-8080-exec-97] org.apache.catalina.core.StandardContext.reload Reloading Context with name [/VS_P08_BillBoard] has started
27-May-2020 11:15:40.826 INFORMATION [http-nio-8080-exec-97] org.apache.catalina.core.StandardContext.reload Reloading Context with name [/VS_P08_BillBoard] is completed
27-May-2020 11:15:47.728 INFORMATION [http-nio-8080-exec-93] org.apache.catalina.core.StandardContext.reload Reloading Context with name [/VS_P08_BillBoard] has started
27-May-2020 11:15:47.755 INFORMATION [http-nio-8080-exec-93] org.apache.catalina.core.StandardContext.reload Reloading Context with name [/VS_P08_BillBoard] is completed
27-May-2020 11:17:32.717 INFORMATION [http-nio-8080-exec-105] org.apache.catalina.core.StandardContext.reload Reloading Context with name [/VS_P08_BillBoard] has started
27-May-2020 11:17:32.747 INFORMATION [http-nio-8080-exec-105] org.apache.catalina.core.StandardContext.reload Reloading Context with name [/VS_P08_BillBoard] is completed
27-May-2020 11:17:45.065 INFORMATION [http-nio-8080-exec-105] org.apache.catalina.core.StandardContext.reload Reloading Context with name [/VS_P08_BillBoard] has started
27-May-2020 11:17:45.093 INFORMATION [http-nio-8080-exec-105] org.apache.catalina.core.StandardContext.reload Reloading Context with name [/VS_P08_BillBoard] is completed
27-May-2020 11:17:54.576 INFORMATION [http-nio-8080-exec-101] org.apache.catalina.core.StandardContext.reload Reloading Context with name [/VS_P08_BillBoard] has started
27-May-2020 11:17:54.604 INFORMATION [http-nio-8080-exec-101] org.apache.catalina.core.StandardContext.reload Reloading Context with name [/VS_P08_BillBoard] is completed
27-May-2020 11:17:59.161 INFORMATION [http-nio-8080-exec-110] org.apache.catalina.core.StandardContext.reload Reloading Context with name [/VS_P08_BillBoard] has started
27-May-2020 11:17:59.189 INFORMATION [http-nio-8080-exec-110] org.apache.catalina.core.StandardContext.reload Reloading Context with name [/VS_P08_BillBoard] is completed
27-May-2020 11:18:25.736 INFORMATION [http-nio-8080-exec-116] org.apache.catalina.core.StandardContext.reload Reloading Context with name [/VS_P08_BillBoard] has started
27-May-2020 11:18:25.762 INFORMATION [http-nio-8080-exec-116] org.apache.catalina.core.StandardContext.reload Reloading Context with name [/VS_P08_BillBoard] is completed
27-May-2020 11:19:18.175 INFORMATION [main] org.apache.catalina.core.StandardServer.await A valid shutdown command was received via the shutdown port. Stopping the Server instance.
27-May-2020 11:19:18.175 INFORMATION [main] org.apache.coyote.AbstractProtocol.pause Pausing ProtocolHandler ["http-nio-8080"]
27-May-2020 11:19:18.848 INFORMATION [main] org.apache.catalina.core.StandardService.stopInternal Stopping service [Catalina]
27-May-2020 11:19:18.862 INFORMATION [main] org.apache.coyote.AbstractProtocol.stop Stopping ProtocolHandler ["http-nio-8080"]
27-May-2020 11:19:18.863 INFORMATION [main] org.apache.coyote.AbstractProtocol.destroy Destroying ProtocolHandler ["http-nio-8080"]
27-May-2020 11:19:22.524 INFORMATION [main] org.apache.catalina.startup.VersionLoggerListener.log 
 Server Version:        Apache Tomcat/9.0.35
27-May-2020 11:19:22.525 INFORMATION [main] org.apache.catalina.startup.VersionLoggerListener.log Server built:          May 5 2020 20:36:20 UTC
27-May-2020 11:19:22.525 INFORMATION [main] org.apache.catalina.startup.VersionLoggerListener.log Server version number: 9.0.35.0
27-May-2020 11:19:22.525 INFORMATION [main] org.apache.catalina.startup.VersionLoggerListener.log OS Name:               Windows 10
27-May-2020 11:19:22.525 INFORMATION [main] org.apache.catalina.startup.VersionLoggerListener.log OS Version:            10.0
27-May-2020 11:19:22.525 INFORMATION [main] org.apache.catalina.startup.VersionLoggerListener.log Architektur:          amd64
27-May-2020 11:19:22.525 INFORMATION [main] org.apache.catalina.startup.VersionLoggerListener.log Java Home:             C:\Program Files\AdoptOpenJDK\jdk-8.0.222.10-hotspot\jre
27-May-2020 11:19:22.525 INFORMATION [main] org.apache.catalina.startup.VersionLoggerListener.log JVM Version:           1.8.0_222-b10
27-May-2020 11:19:22.525 INFORMATION [main] org.apache.catalina.startup.VersionLoggerListener.log JVM Hersteller:            
27-May-2020 11:19:22.525 INFORMATION [main] org.apache.catalina.startup.VersionLoggerListener.log 
 CATALINA_BASE:         C:\Users\benno\OneDrive\Studi\VTS\tomcat\apache-tomcat-9.0.35
27-May-2020 11:19:22.525 INFORMATION [main] org.apache.catalina.startup.VersionLoggerListener.log CATALINA_HOME:         C:\Users\benno\OneDrive\Studi\VTS\tomcat\apache-tomcat-9.0.35
27-May-2020 11:19:22.526 INFORMATION [main] org.apache.catalina.startup.VersionLoggerListener.log Command line argument: -Djava.util.logging.config.file=C:\Users\benno\OneDrive\Studi\VTS\tomcat\apache-tomcat-9.0.35\conf\logging.properties
27-May-2020 11:19:22.526 INFORMATION [main] org.apache.catalina.startup.VersionLoggerListener.log Command line argument: -Djava.util.logging.manager=org.apache.juli.ClassLoaderLogManager
27-May-2020 11:19:22.527 INFORMATION [main] org.apache.catalina.startup.VersionLoggerListener.log Command line argument: -Dhttp.nonProxyHosts=localhost|127.0.0.1|DESKTOP-0TCVC67
27-May-2020 11:19:22.527 INFORMATION [main] org.apache.catalina.startup.VersionLoggerListener.log Command line argument: -Djdk.tls.ephemeralDHKeySize=2048
27-May-2020 11:19:22.527 INFORMATION [main] org.apache.catalina.startup.VersionLoggerListener.log Command line argument: -Djava.protocol.handler.pkgs=org.apache.catalina.webresources
27-May-2020 11:19:22.527 INFORMATION [main] org.apache.catalina.startup.VersionLoggerListener.log Command line argument: -Dignore.endorsed.dirs=
27-May-2020 11:19:22.527 INFORMATION [main] org.apache.catalina.startup.VersionLoggerListener.log Command line argument: -Dcatalina.base=C:\Users\benno\OneDrive\Studi\VTS\tomcat\apache-tomcat-9.0.35
27-May-2020 11:19:22.527 INFORMATION [main] org.apache.catalina.startup.VersionLoggerListener.log Command line argument: -Dcatalina.home=C:\Users\benno\OneDrive\Studi\VTS\tomcat\apache-tomcat-9.0.35
27-May-2020 11:19:22.527 INFORMATION [main] org.apache.catalina.startup.VersionLoggerListener.log Command line argument: -Djava.io.tmpdir=C:\Users\benno\OneDrive\Studi\VTS\tomcat\apache-tomcat-9.0.35\temp
27-May-2020 11:19:22.527 INFORMATION [main] org.apache.catalina.core.AprLifecycleListener.lifecycleEvent Loaded Apache Tomcat Native library [1.2.24] using APR version [1.7.0].
27-May-2020 11:19:22.527 INFORMATION [main] org.apache.catalina.core.AprLifecycleListener.lifecycleEvent APR capabilities: IPv6 [true], sendfile [true], accept filters [false], random [true].
27-May-2020 11:19:22.527 INFORMATION [main] org.apache.catalina.core.AprLifecycleListener.lifecycleEvent APR/OpenSSL configuration: useAprConnector [false], useOpenSSL [true]
27-May-2020 11:19:22.531 INFORMATION [main] org.apache.catalina.core.AprLifecycleListener.initializeSSL OpenSSL successfully initialized [OpenSSL 1.1.1g  21 Apr 2020]
27-May-2020 11:19:22.712 INFORMATION [main] org.apache.coyote.AbstractProtocol.init Initialisiere ProtocolHandler["http-nio-8080"]
27-May-2020 11:19:23.463 INFORMATION [main] org.apache.catalina.startup.Catalina.load Server initialization in [1.063] milliseconds
27-May-2020 11:19:23.480 INFORMATION [main] org.apache.catalina.core.StandardService.startInternal Starting service [Catalina]
27-May-2020 11:19:23.480 INFORMATION [main] org.apache.catalina.core.StandardEngine.startInternal Starting Servlet engine: [Apache Tomcat/9.0.35]
27-May-2020 11:19:23.486 INFORMATION [main] org.apache.catalina.startup.HostConfig.deployDescriptor Deploying deployment descriptor [C:\Users\benno\OneDrive\Studi\VTS\tomcat\apache-tomcat-9.0.35\conf\Catalina\localhost\projekt.xml]
27-May-2020 11:19:23.496 WARNUNG [main] org.apache.catalina.startup.HostConfig.deployDescriptor The path attribute with value [/projekt] in deployment descriptor [C:\Users\benno\OneDrive\Studi\VTS\tomcat\apache-tomcat-9.0.35\conf\Catalina\localhost\projekt.xml] has been ignored
27-May-2020 11:19:23.662 INFORMATION [main] org.apache.catalina.startup.HostConfig.deployDescriptor Deployment of deployment descriptor [C:\Users\benno\OneDrive\Studi\VTS\tomcat\apache-tomcat-9.0.35\conf\Catalina\localhost\projekt.xml] has finished in [175] ms
27-May-2020 11:19:23.662 INFORMATION [main] org.apache.catalina.startup.HostConfig.deployDescriptor Deploying deployment descriptor [C:\Users\benno\OneDrive\Studi\VTS\tomcat\apache-tomcat-9.0.35\conf\Catalina\localhost\VS_P08_BillBoard.xml]
27-May-2020 11:19:23.662 WARNUNG [main] org.apache.catalina.startup.HostConfig.deployDescriptor The path attribute with value [/VS_P08_BillBoard] in deployment descriptor [C:\Users\benno\OneDrive\Studi\VTS\tomcat\apache-tomcat-9.0.35\conf\Catalina\localhost\VS_P08_BillBoard.xml] has been ignored
27-May-2020 11:19:23.664 WARNUNG [main] org.apache.catalina.startup.SetContextPropertiesRule.begin [SetContextPropertiesRule]{Context} Setting property 'antiJARLocking' to 'true' did not find a matching property.
27-May-2020 11:19:23.699 INFORMATION [main] org.apache.catalina.startup.HostConfig.deployDescriptor Deployment of deployment descriptor [C:\Users\benno\OneDrive\Studi\VTS\tomcat\apache-tomcat-9.0.35\conf\Catalina\localhost\VS_P08_BillBoard.xml] has finished in [37] ms
27-May-2020 11:19:23.699 INFORMATION [main] org.apache.catalina.startup.HostConfig.deployDirectory Deploye Web-Applikations-Verzeichnis [C:\Users\benno\OneDrive\Studi\VTS\tomcat\apache-tomcat-9.0.35\webapps\docs]
27-May-2020 11:19:23.715 INFORMATION [main] org.apache.catalina.startup.HostConfig.deployDirectory Deployment of web application directory [C:\Users\benno\OneDrive\Studi\VTS\tomcat\apache-tomcat-9.0.35\webapps\docs] has finished in [16] ms
27-May-2020 11:19:23.715 INFORMATION [main] org.apache.catalina.startup.HostConfig.deployDirectory Deploye Web-Applikations-Verzeichnis [C:\Users\benno\OneDrive\Studi\VTS\tomcat\apache-tomcat-9.0.35\webapps\examples]
27-May-2020 11:19:23.958 INFORMATION [main] org.apache.catalina.startup.HostConfig.deployDirectory Deployment of web application directory [C:\Users\benno\OneDrive\Studi\VTS\tomcat\apache-tomcat-9.0.35\webapps\examples] has finished in [243] ms
27-May-2020 11:19:23.958 INFORMATION [main] org.apache.catalina.startup.HostConfig.deployDirectory Deploye Web-Applikations-Verzeichnis [C:\Users\benno\OneDrive\Studi\VTS\tomcat\apache-tomcat-9.0.35\webapps\host-manager]
27-May-2020 11:19:23.984 INFORMATION [main] org.apache.catalina.startup.HostConfig.deployDirectory Deployment of web application directory [C:\Users\benno\OneDrive\Studi\VTS\tomcat\apache-tomcat-9.0.35\webapps\host-manager] has finished in [25] ms
27-May-2020 11:19:23.984 INFORMATION [main] org.apache.catalina.startup.HostConfig.deployDirectory Deploye Web-Applikations-Verzeichnis [C:\Users\benno\OneDrive\Studi\VTS\tomcat\apache-tomcat-9.0.35\webapps\manager]
27-May-2020 11:19:24.005 INFORMATION [main] org.apache.catalina.startup.HostConfig.deployDirectory Deployment of web application directory [C:\Users\benno\OneDrive\Studi\VTS\tomcat\apache-tomcat-9.0.35\webapps\manager] has finished in [20] ms
27-May-2020 11:19:24.005 INFORMATION [main] org.apache.catalina.startup.HostConfig.deployDirectory Deploye Web-Applikations-Verzeichnis [C:\Users\benno\OneDrive\Studi\VTS\tomcat\apache-tomcat-9.0.35\webapps\ROOT]
27-May-2020 11:19:24.021 INFORMATION [main] org.apache.catalina.startup.HostConfig.deployDirectory Deployment of web application directory [C:\Users\benno\OneDrive\Studi\VTS\tomcat\apache-tomcat-9.0.35\webapps\ROOT] has finished in [16] ms
27-May-2020 11:19:24.024 INFORMATION [main] org.apache.coyote.AbstractProtocol.start Starting ProtocolHandler ["http-nio-8080"]
27-May-2020 11:19:24.029 INFORMATION [main] org.apache.catalina.startup.Catalina.start Server startup in [566] milliseconds
27-May-2020 11:25:10.110 INFORMATION [http-nio-8080-exec-13] org.apache.catalina.core.StandardContext.reload Reloading Context with name [/VS_P08_BillBoard] has started
27-May-2020 11:25:10.144 INFORMATION [http-nio-8080-exec-13] org.apache.catalina.core.StandardContext.reload Reloading Context with name [/VS_P08_BillBoard] is completed
27-May-2020 11:28:50.290 INFORMATION [http-nio-8080-exec-26] org.apache.catalina.core.StandardContext.reload Reloading Context with name [/VS_P08_BillBoard] has started
27-May-2020 11:28:50.321 INFORMATION [http-nio-8080-exec-26] org.apache.catalina.core.StandardContext.reload Reloading Context with name [/VS_P08_BillBoard] is completed
27-May-2020 11:29:00.780 INFORMATION [http-nio-8080-exec-21] org.apache.catalina.core.StandardContext.reload Reloading Context with name [/VS_P08_BillBoard] has started
27-May-2020 11:29:00.810 INFORMATION [http-nio-8080-exec-21] org.apache.catalina.core.StandardContext.reload Reloading Context with name [/VS_P08_BillBoard] is completed
27-May-2020 11:46:50.005 INFORMATION [main] org.apache.catalina.core.StandardServer.await A valid shutdown command was received via the shutdown port. Stopping the Server instance.
27-May-2020 11:46:50.005 INFORMATION [main] org.apache.coyote.AbstractProtocol.pause Pausing ProtocolHandler ["http-nio-8080"]
27-May-2020 11:46:50.677 INFORMATION [main] org.apache.catalina.core.StandardService.stopInternal Stopping service [Catalina]
27-May-2020 11:46:50.692 INFORMATION [main] org.apache.coyote.AbstractProtocol.stop Stopping ProtocolHandler ["http-nio-8080"]
27-May-2020 11:46:50.694 INFORMATION [main] org.apache.coyote.AbstractProtocol.destroy Destroying ProtocolHandler ["http-nio-8080"]
27-May-2020 16:59:32.621 INFORMATION [main] org.apache.catalina.startup.VersionLoggerListener.log 
 Server Version:        Apache Tomcat/9.0.35
27-May-2020 16:59:32.623 INFORMATION [main] org.apache.catalina.startup.VersionLoggerListener.log Server built:          May 5 2020 20:36:20 UTC
27-May-2020 16:59:32.623 INFORMATION [main] org.apache.catalina.startup.VersionLoggerListener.log Server version number: 9.0.35.0
27-May-2020 16:59:32.623 INFORMATION [main] org.apache.catalina.startup.VersionLoggerListener.log OS Name:               Windows 10
27-May-2020 16:59:32.623 INFORMATION [main] org.apache.catalina.startup.VersionLoggerListener.log OS Version:            10.0
27-May-2020 16:59:32.623 INFORMATION [main] org.apache.catalina.startup.VersionLoggerListener.log Architektur:          amd64
27-May-2020 16:59:32.623 INFORMATION [main] org.apache.catalina.startup.VersionLoggerListener.log Java Home:             C:\Program Files\AdoptOpenJDK\jdk-8.0.222.10-hotspot\jre
27-May-2020 16:59:32.623 INFORMATION [main] org.apache.catalina.startup.VersionLoggerListener.log JVM Version:           1.8.0_222-b10
27-May-2020 16:59:32.623 INFORMATION [main] org.apache.catalina.startup.VersionLoggerListener.log JVM Hersteller:            
27-May-2020 16:59:32.623 INFORMATION [main] org.apache.catalina.startup.VersionLoggerListener.log 
 CATALINA_BASE:         C:\Users\benno\OneDrive\Studi\VTS\tomcat\apache-tomcat-9.0.35
27-May-2020 16:59:32.624 INFORMATION [main] org.apache.catalina.startup.VersionLoggerListener.log CATALINA_HOME:         C:\Users\benno\OneDrive\Studi\VTS\tomcat\apache-tomcat-9.0.35
27-May-2020 16:59:32.624 INFORMATION [main] org.apache.catalina.startup.VersionLoggerListener.log Command line argument: -Djava.util.logging.config.file=C:\Users\benno\OneDrive\Studi\VTS\tomcat\apache-tomcat-9.0.35\conf\logging.properties
27-May-2020 16:59:32.625 INFORMATION [main] org.apache.catalina.startup.VersionLoggerListener.log Command line argument: -Djava.util.logging.manager=org.apache.juli.ClassLoaderLogManager
27-May-2020 16:59:32.625 INFORMATION [main] org.apache.catalina.startup.VersionLoggerListener.log Command line argument: -Dhttp.nonProxyHosts=localhost|127.0.0.1|DESKTOP-0TCVC67
27-May-2020 16:59:32.625 INFORMATION [main] org.apache.catalina.startup.VersionLoggerListener.log Command line argument: -Djdk.tls.ephemeralDHKeySize=2048
27-May-2020 16:59:32.625 INFORMATION [main] org.apache.catalina.startup.VersionLoggerListener.log Command line argument: -Djava.protocol.handler.pkgs=org.apache.catalina.webresources
27-May-2020 16:59:32.625 INFORMATION [main] org.apache.catalina.startup.VersionLoggerListener.log Command line argument: -Dignore.endorsed.dirs=
27-May-2020 16:59:32.625 INFORMATION [main] org.apache.catalina.startup.VersionLoggerListener.log Command line argument: -Dcatalina.base=C:\Users\benno\OneDrive\Studi\VTS\tomcat\apache-tomcat-9.0.35
27-May-2020 16:59:32.625 INFORMATION [main] org.apache.catalina.startup.VersionLoggerListener.log Command line argument: -Dcatalina.home=C:\Users\benno\OneDrive\Studi\VTS\tomcat\apache-tomcat-9.0.35
27-May-2020 16:59:32.625 INFORMATION [main] org.apache.catalina.startup.VersionLoggerListener.log Command line argument: -Djava.io.tmpdir=C:\Users\benno\OneDrive\Studi\VTS\tomcat\apache-tomcat-9.0.35\temp
27-May-2020 16:59:32.625 INFORMATION [main] org.apache.catalina.core.AprLifecycleListener.lifecycleEvent Loaded Apache Tomcat Native library [1.2.24] using APR version [1.7.0].
27-May-2020 16:59:32.625 INFORMATION [main] org.apache.catalina.core.AprLifecycleListener.lifecycleEvent APR capabilities: IPv6 [true], sendfile [true], accept filters [false], random [true].
27-May-2020 16:59:32.625 INFORMATION [main] org.apache.catalina.core.AprLifecycleListener.lifecycleEvent APR/OpenSSL configuration: useAprConnector [false], useOpenSSL [true]
27-May-2020 16:59:32.639 INFORMATION [main] org.apache.catalina.core.AprLifecycleListener.initializeSSL OpenSSL successfully initialized [OpenSSL 1.1.1g  21 Apr 2020]
27-May-2020 16:59:32.845 INFORMATION [main] org.apache.coyote.AbstractProtocol.init Initialisiere ProtocolHandler["http-nio-8080"]
27-May-2020 16:59:33.623 INFORMATION [main] org.apache.catalina.startup.Catalina.load Server initialization in [1.142] milliseconds
27-May-2020 16:59:33.646 INFORMATION [main] org.apache.catalina.core.StandardService.startInternal Starting service [Catalina]
27-May-2020 16:59:33.646 INFORMATION [main] org.apache.catalina.core.StandardEngine.startInternal Starting Servlet engine: [Apache Tomcat/9.0.35]
27-May-2020 16:59:33.652 INFORMATION [main] org.apache.catalina.startup.HostConfig.deployDescriptor Deploying deployment descriptor [C:\Users\benno\OneDrive\Studi\VTS\tomcat\apache-tomcat-9.0.35\conf\Catalina\localhost\projekt.xml]
27-May-2020 16:59:33.663 WARNUNG [main] org.apache.catalina.startup.HostConfig.deployDescriptor The path attribute with value [/projekt] in deployment descriptor [C:\Users\benno\OneDrive\Studi\VTS\tomcat\apache-tomcat-9.0.35\conf\Catalina\localhost\projekt.xml] has been ignored
27-May-2020 16:59:33.851 INFORMATION [main] org.apache.catalina.startup.HostConfig.deployDescriptor Deployment of deployment descriptor [C:\Users\benno\OneDrive\Studi\VTS\tomcat\apache-tomcat-9.0.35\conf\Catalina\localhost\projekt.xml] has finished in [199] ms
27-May-2020 16:59:33.851 INFORMATION [main] org.apache.catalina.startup.HostConfig.deployDescriptor Deploying deployment descriptor [C:\Users\benno\OneDrive\Studi\VTS\tomcat\apache-tomcat-9.0.35\conf\Catalina\localhost\VS_P08_BillBoard.xml]
27-May-2020 16:59:33.851 WARNUNG [main] org.apache.catalina.startup.HostConfig.deployDescriptor The path attribute with value [/VS_P08_BillBoard] in deployment descriptor [C:\Users\benno\OneDrive\Studi\VTS\tomcat\apache-tomcat-9.0.35\conf\Catalina\localhost\VS_P08_BillBoard.xml] has been ignored
27-May-2020 16:59:33.854 WARNUNG [main] org.apache.catalina.startup.SetContextPropertiesRule.begin [SetContextPropertiesRule]{Context} Setting property 'antiJARLocking' to 'true' did not find a matching property.
27-May-2020 16:59:33.889 INFORMATION [main] org.apache.catalina.startup.HostConfig.deployDescriptor Deployment of deployment descriptor [C:\Users\benno\OneDrive\Studi\VTS\tomcat\apache-tomcat-9.0.35\conf\Catalina\localhost\VS_P08_BillBoard.xml] has finished in [38] ms
27-May-2020 16:59:33.890 INFORMATION [main] org.apache.catalina.startup.HostConfig.deployDirectory Deploye Web-Applikations-Verzeichnis [C:\Users\benno\OneDrive\Studi\VTS\tomcat\apache-tomcat-9.0.35\webapps\docs]
27-May-2020 16:59:33.907 INFORMATION [main] org.apache.catalina.startup.HostConfig.deployDirectory Deployment of web application directory [C:\Users\benno\OneDrive\Studi\VTS\tomcat\apache-tomcat-9.0.35\webapps\docs] has finished in [17] ms
27-May-2020 16:59:33.907 INFORMATION [main] org.apache.catalina.startup.HostConfig.deployDirectory Deploye Web-Applikations-Verzeichnis [C:\Users\benno\OneDrive\Studi\VTS\tomcat\apache-tomcat-9.0.35\webapps\examples]
27-May-2020 16:59:34.166 INFORMATION [main] org.apache.catalina.startup.HostConfig.deployDirectory Deployment of web application directory [C:\Users\benno\OneDrive\Studi\VTS\tomcat\apache-tomcat-9.0.35\webapps\examples] has finished in [259] ms
27-May-2020 16:59:34.167 INFORMATION [main] org.apache.catalina.startup.HostConfig.deployDirectory Deploye Web-Applikations-Verzeichnis [C:\Users\benno\OneDrive\Studi\VTS\tomcat\apache-tomcat-9.0.35\webapps\host-manager]
27-May-2020 16:59:34.191 INFORMATION [main] org.apache.catalina.startup.HostConfig.deployDirectory Deployment of web application directory [C:\Users\benno\OneDrive\Studi\VTS\tomcat\apache-tomcat-9.0.35\webapps\host-manager] has finished in [24] ms
27-May-2020 16:59:34.191 INFORMATION [main] org.apache.catalina.startup.HostConfig.deployDirectory Deploye Web-Applikations-Verzeichnis [C:\Users\benno\OneDrive\Studi\VTS\tomcat\apache-tomcat-9.0.35\webapps\manager]
27-May-2020 16:59:34.212 INFORMATION [main] org.apache.catalina.startup.HostConfig.deployDirectory Deployment of web application directory [C:\Users\benno\OneDrive\Studi\VTS\tomcat\apache-tomcat-9.0.35\webapps\manager] has finished in [20] ms
27-May-2020 16:59:34.212 INFORMATION [main] org.apache.catalina.startup.HostConfig.deployDirectory Deploye Web-Applikations-Verzeichnis [C:\Users\benno\OneDrive\Studi\VTS\tomcat\apache-tomcat-9.0.35\webapps\ROOT]
27-May-2020 16:59:34.228 INFORMATION [main] org.apache.catalina.startup.HostConfig.deployDirectory Deployment of web application directory [C:\Users\benno\OneDrive\Studi\VTS\tomcat\apache-tomcat-9.0.35\webapps\ROOT] has finished in [16] ms
27-May-2020 16:59:34.230 INFORMATION [main] org.apache.coyote.AbstractProtocol.start Starting ProtocolHandler ["http-nio-8080"]
27-May-2020 16:59:34.236 INFORMATION [main] org.apache.catalina.startup.Catalina.start Server startup in [612] milliseconds
27-May-2020 16:59:36.848 INFORMATION [http-nio-8080-exec-9] org.apache.catalina.startup.HostConfig.undeploy Undeploying context [/VS_P08_BillBoard]
27-May-2020 16:59:36.868 INFORMATION [http-nio-8080-exec-3] org.apache.catalina.startup.HostConfig.deployDescriptor Deploying deployment descriptor [C:\Users\benno\OneDrive\Studi\VTS\tomcat\apache-tomcat-9.0.35\conf\Catalina\localhost\VS_P08_BillBoard.xml]
27-May-2020 16:59:36.868 WARNUNG [http-nio-8080-exec-3] org.apache.catalina.startup.HostConfig.deployDescriptor The path attribute with value [/VS_P08_BillBoard] in deployment descriptor [C:\Users\benno\OneDrive\Studi\VTS\tomcat\apache-tomcat-9.0.35\conf\Catalina\localhost\VS_P08_BillBoard.xml] has been ignored
27-May-2020 16:59:36.871 WARNUNG [http-nio-8080-exec-3] org.apache.catalina.startup.SetContextPropertiesRule.begin [SetContextPropertiesRule]{Context} Setting property 'antiJARLocking' to 'true' did not find a matching property.
27-May-2020 16:59:36.906 INFORMATION [http-nio-8080-exec-3] org.apache.catalina.startup.HostConfig.deployDescriptor Deployment of deployment descriptor [C:\Users\benno\OneDrive\Studi\VTS\tomcat\apache-tomcat-9.0.35\conf\Catalina\localhost\VS_P08_BillBoard.xml] has finished in [38] ms
27-May-2020 17:08:02.987 INFORMATION [http-nio-8080-exec-14] org.apache.catalina.core.StandardContext.reload Reloading Context with name [/VS_P08_BillBoard] has started
27-May-2020 17:08:03.053 INFORMATION [http-nio-8080-exec-14] org.apache.catalina.core.StandardContext.reload Reloading Context with name [/VS_P08_BillBoard] is completed
27-May-2020 17:08:03.187 INFORMATION [http-nio-8080-exec-18] org.apache.catalina.core.StandardContext.reload Reloading Context with name [/VS_P08_BillBoard] has started
27-May-2020 17:08:03.227 INFORMATION [http-nio-8080-exec-18] org.apache.catalina.core.StandardContext.reload Reloading Context with name [/VS_P08_BillBoard] is completed
27-May-2020 17:10:07.752 INFORMATION [http-nio-8080-exec-24] org.apache.catalina.core.StandardContext.reload Reloading Context with name [/VS_P08_BillBoard] has started
27-May-2020 17:10:07.785 INFORMATION [http-nio-8080-exec-24] org.apache.catalina.core.StandardContext.reload Reloading Context with name [/VS_P08_BillBoard] is completed
27-May-2020 17:11:43.002 INFORMATION [http-nio-8080-exec-38] org.apache.catalina.core.StandardContext.reload Reloading Context with name [/VS_P08_BillBoard] has started
27-May-2020 17:11:43.030 INFORMATION [http-nio-8080-exec-38] org.apache.catalina.core.StandardContext.reload Reloading Context with name [/VS_P08_BillBoard] is completed
27-May-2020 17:25:36.168 INFORMATION [http-nio-8080-exec-45] org.apache.catalina.core.StandardContext.reload Reloading Context with name [/VS_P08_BillBoard] has started
27-May-2020 17:25:36.196 INFORMATION [http-nio-8080-exec-45] org.apache.catalina.core.StandardContext.reload Reloading Context with name [/VS_P08_BillBoard] is completed
27-May-2020 17:25:43.121 INFORMATION [http-nio-8080-exec-47] org.apache.catalina.core.StandardContext.reload Reloading Context with name [/VS_P08_BillBoard] has started
27-May-2020 17:25:43.154 INFORMATION [http-nio-8080-exec-47] org.apache.catalina.core.StandardContext.reload Reloading Context with name [/VS_P08_BillBoard] is completed
27-May-2020 17:26:27.937 INFORMATION [http-nio-8080-exec-43] org.apache.catalina.core.StandardContext.reload Reloading Context with name [/VS_P08_BillBoard] has started
27-May-2020 17:26:27.966 INFORMATION [http-nio-8080-exec-43] org.apache.catalina.core.StandardContext.reload Reloading Context with name [/VS_P08_BillBoard] is completed
27-May-2020 17:28:24.647 INFORMATION [http-nio-8080-exec-57] org.apache.catalina.core.StandardContext.reload Reloading Context with name [/VS_P08_BillBoard] has started
27-May-2020 17:28:24.676 INFORMATION [http-nio-8080-exec-57] org.apache.catalina.core.StandardContext.reload Reloading Context with name [/VS_P08_BillBoard] is completed
27-May-2020 17:32:29.992 INFORMATION [http-nio-8080-exec-75] org.apache.catalina.core.StandardContext.reload Reloading Context with name [/VS_P08_BillBoard] has started
27-May-2020 17:32:30.020 INFORMATION [http-nio-8080-exec-75] org.apache.catalina.core.StandardContext.reload Reloading Context with name [/VS_P08_BillBoard] is completed
27-May-2020 17:33:09.017 INFORMATION [http-nio-8080-exec-78] org.apache.catalina.core.StandardContext.reload Reloading Context with name [/VS_P08_BillBoard] has started
27-May-2020 17:33:09.043 INFORMATION [http-nio-8080-exec-78] org.apache.catalina.core.StandardContext.reload Reloading Context with name [/VS_P08_BillBoard] is completed
27-May-2020 17:33:29.813 INFORMATION [http-nio-8080-exec-71] org.apache.catalina.core.StandardContext.reload Reloading Context with name [/VS_P08_BillBoard] has started
27-May-2020 17:33:29.840 INFORMATION [http-nio-8080-exec-71] org.apache.catalina.core.StandardContext.reload Reloading Context with name [/VS_P08_BillBoard] is completed
27-May-2020 17:34:31.338 INFORMATION [http-nio-8080-exec-87] org.apache.catalina.core.StandardContext.reload Reloading Context with name [/VS_P08_BillBoard] has started
27-May-2020 17:34:31.366 INFORMATION [http-nio-8080-exec-87] org.apache.catalina.core.StandardContext.reload Reloading Context with name [/VS_P08_BillBoard] is completed
27-May-2020 17:42:50.906 INFORMATION [http-nio-8080-exec-98] org.apache.catalina.core.StandardContext.reload Reloading Context with name [/VS_P08_BillBoard] has started
27-May-2020 17:42:50.952 INFORMATION [http-nio-8080-exec-98] org.apache.catalina.core.StandardContext.reload Reloading Context with name [/VS_P08_BillBoard] is completed
27-May-2020 17:43:53.740 INFORMATION [http-nio-8080-exec-105] org.apache.catalina.core.StandardContext.reload Reloading Context with name [/VS_P08_BillBoard] has started
27-May-2020 17:43:53.769 INFORMATION [http-nio-8080-exec-105] org.apache.catalina.core.StandardContext.reload Reloading Context with name [/VS_P08_BillBoard] is completed
27-May-2020 18:02:38.448 INFORMATION [http-nio-8080-exec-116] org.apache.catalina.core.StandardContext.reload Reloading Context with name [/VS_P08_BillBoard] has started
27-May-2020 18:02:38.486 INFORMATION [http-nio-8080-exec-116] org.apache.catalina.core.StandardContext.reload Reloading Context with name [/VS_P08_BillBoard] is completed
27-May-2020 18:31:07.000 INFORMATION [http-nio-8080-exec-129] org.apache.catalina.core.StandardContext.reload Reloading Context with name [/VS_P08_BillBoard] has started
27-May-2020 18:31:07.033 INFORMATION [http-nio-8080-exec-129] org.apache.catalina.core.StandardContext.reload Reloading Context with name [/VS_P08_BillBoard] is completed
27-May-2020 18:41:30.106 INFORMATION [http-nio-8080-exec-135] org.apache.catalina.core.StandardContext.reload Reloading Context with name [/VS_P08_BillBoard] has started
27-May-2020 18:41:30.137 INFORMATION [http-nio-8080-exec-135] org.apache.catalina.core.StandardContext.reload Reloading Context with name [/VS_P08_BillBoard] is completed
27-May-2020 18:44:57.238 INFORMATION [http-nio-8080-exec-147] org.apache.catalina.core.StandardContext.reload Reloading Context with name [/VS_P08_BillBoard] has started
27-May-2020 18:44:57.275 INFORMATION [http-nio-8080-exec-147] org.apache.catalina.core.StandardContext.reload Reloading Context with name [/VS_P08_BillBoard] is completed
27-May-2020 18:46:47.610 INFORMATION [http-nio-8080-exec-161] org.apache.catalina.core.StandardContext.reload Reloading Context with name [/VS_P08_BillBoard] has started
27-May-2020 18:46:47.643 INFORMATION [http-nio-8080-exec-161] org.apache.catalina.core.StandardContext.reload Reloading Context with name [/VS_P08_BillBoard] is completed
27-May-2020 18:48:20.663 INFORMATION [http-nio-8080-exec-168] org.apache.catalina.core.StandardContext.reload Reloading Context with name [/VS_P08_BillBoard] has started
27-May-2020 18:48:20.695 INFORMATION [http-nio-8080-exec-168] org.apache.catalina.core.StandardContext.reload Reloading Context with name [/VS_P08_BillBoard] is completed
27-May-2020 19:10:21.363 INFORMATION [main] org.apache.catalina.core.StandardServer.await A valid shutdown command was received via the shutdown port. Stopping the Server instance.
27-May-2020 19:10:21.363 INFORMATION [main] org.apache.coyote.AbstractProtocol.pause Pausing ProtocolHandler ["http-nio-8080"]
27-May-2020 19:10:22.049 INFORMATION [main] org.apache.catalina.core.StandardService.stopInternal Stopping service [Catalina]
27-May-2020 19:10:22.070 INFORMATION [main] org.apache.coyote.AbstractProtocol.stop Stopping ProtocolHandler ["http-nio-8080"]
27-May-2020 19:10:22.072 INFORMATION [main] org.apache.coyote.AbstractProtocol.destroy Destroying ProtocolHandler ["http-nio-8080"]
