18-May-2020 15:15:10.030 INFORMATION [main] org.apache.catalina.startup.VersionLoggerListener.log 
 Server Version:        Apache Tomcat/9.0.35
18-May-2020 15:15:10.031 INFORMATION [main] org.apache.catalina.startup.VersionLoggerListener.log Server built:          May 5 2020 20:36:20 UTC
18-May-2020 15:15:10.033 INFORMATION [main] org.apache.catalina.startup.VersionLoggerListener.log Server version number: 9.0.35.0
18-May-2020 15:15:10.034 INFORMATION [main] org.apache.catalina.startup.VersionLoggerListener.log OS Name:               Windows 10
18-May-2020 15:15:10.034 INFORMATION [main] org.apache.catalina.startup.VersionLoggerListener.log OS Version:            10.0
18-May-2020 15:15:10.034 INFORMATION [main] org.apache.catalina.startup.VersionLoggerListener.log Architektur:          amd64
18-May-2020 15:15:10.034 INFORMATION [main] org.apache.catalina.startup.VersionLoggerListener.log Java Home:             C:\Program Files\Java\jre1.8.0_212
18-May-2020 15:15:10.034 INFORMATION [main] org.apache.catalina.startup.VersionLoggerListener.log JVM Version:           1.8.0_212-b10
18-May-2020 15:15:10.034 INFORMATION [main] org.apache.catalina.startup.VersionLoggerListener.log JVM Hersteller:            Oracle Corporation
18-May-2020 15:15:10.034 INFORMATION [main] org.apache.catalina.startup.VersionLoggerListener.log 
 CATALINA_BASE:         C:\Users\benno\OneDrive\Studi\VTS\Blatt 7_neu\tomcat\apache-tomcat-9.0.35
18-May-2020 15:15:10.034 INFORMATION [main] org.apache.catalina.startup.VersionLoggerListener.log CATALINA_HOME:         C:\Users\benno\OneDrive\Studi\VTS\Blatt 7_neu\tomcat\apache-tomcat-9.0.35
18-May-2020 15:15:10.035 INFORMATION [main] org.apache.catalina.startup.VersionLoggerListener.log Command line argument: -Djava.util.logging.config.file=C:\Users\benno\OneDrive\Studi\VTS\Blatt 7_neu\tomcat\apache-tomcat-9.0.35\conf\logging.properties
18-May-2020 15:15:10.035 INFORMATION [main] org.apache.catalina.startup.VersionLoggerListener.log Command line argument: -Djava.util.logging.manager=org.apache.juli.ClassLoaderLogManager
18-May-2020 15:15:10.035 INFORMATION [main] org.apache.catalina.startup.VersionLoggerListener.log Command line argument: -Djdk.tls.ephemeralDHKeySize=2048
18-May-2020 15:15:10.036 INFORMATION [main] org.apache.catalina.startup.VersionLoggerListener.log Command line argument: -Djava.protocol.handler.pkgs=org.apache.catalina.webresources
18-May-2020 15:15:10.036 INFORMATION [main] org.apache.catalina.startup.VersionLoggerListener.log Command line argument: -Dignore.endorsed.dirs=
18-May-2020 15:15:10.036 INFORMATION [main] org.apache.catalina.startup.VersionLoggerListener.log Command line argument: -Dcatalina.base=C:\Users\benno\OneDrive\Studi\VTS\Blatt 7_neu\tomcat\apache-tomcat-9.0.35
18-May-2020 15:15:10.036 INFORMATION [main] org.apache.catalina.startup.VersionLoggerListener.log Command line argument: -Dcatalina.home=C:\Users\benno\OneDrive\Studi\VTS\Blatt 7_neu\tomcat\apache-tomcat-9.0.35
18-May-2020 15:15:10.037 INFORMATION [main] org.apache.catalina.startup.VersionLoggerListener.log Command line argument: -Djava.io.tmpdir=C:\Users\benno\OneDrive\Studi\VTS\Blatt 7_neu\tomcat\apache-tomcat-9.0.35\temp
18-May-2020 15:15:10.037 INFORMATION [main] org.apache.catalina.core.AprLifecycleListener.lifecycleEvent Loaded Apache Tomcat Native library [1.2.24] using APR version [1.7.0].
18-May-2020 15:15:10.037 INFORMATION [main] org.apache.catalina.core.AprLifecycleListener.lifecycleEvent APR capabilities: IPv6 [true], sendfile [true], accept filters [false], random [true].
18-May-2020 15:15:10.037 INFORMATION [main] org.apache.catalina.core.AprLifecycleListener.lifecycleEvent APR/OpenSSL configuration: useAprConnector [false], useOpenSSL [true]
18-May-2020 15:15:10.042 INFORMATION [main] org.apache.catalina.core.AprLifecycleListener.initializeSSL OpenSSL successfully initialized [OpenSSL 1.1.1g  21 Apr 2020]
18-May-2020 15:15:10.405 INFORMATION [main] org.apache.coyote.AbstractProtocol.init Initialisiere ProtocolHandler["http-nio-8080"]
18-May-2020 15:15:10.595 INFORMATION [main] org.apache.catalina.startup.Catalina.load Server initialization in [712] milliseconds
18-May-2020 15:15:10.620 INFORMATION [main] org.apache.catalina.core.StandardService.startInternal Starting service [Catalina]
18-May-2020 15:15:10.620 INFORMATION [main] org.apache.catalina.core.StandardEngine.startInternal Starting Servlet engine: [Apache Tomcat/9.0.35]
18-May-2020 15:15:10.627 INFORMATION [main] org.apache.catalina.startup.HostConfig.deployDescriptor Deploying deployment descriptor [C:\Users\benno\OneDrive\Studi\VTS\Blatt 7_neu\tomcat\apache-tomcat-9.0.35\conf\Catalina\localhost\projekt.xml]
18-May-2020 15:15:10.639 WARNUNG [main] org.apache.catalina.startup.HostConfig.deployDescriptor The path attribute with value [/projekt] in deployment descriptor [C:\Users\benno\OneDrive\Studi\VTS\Blatt 7_neu\tomcat\apache-tomcat-9.0.35\conf\Catalina\localhost\projekt.xml] has been ignored
18-May-2020 15:15:10.825 INFORMATION [main] org.apache.catalina.startup.HostConfig.deployDescriptor Deployment of deployment descriptor [C:\Users\benno\OneDrive\Studi\VTS\Blatt 7_neu\tomcat\apache-tomcat-9.0.35\conf\Catalina\localhost\projekt.xml] has finished in [198] ms
18-May-2020 15:15:10.826 INFORMATION [main] org.apache.catalina.startup.HostConfig.deployDirectory Deploye Web-Applikations-Verzeichnis [C:\Users\benno\OneDrive\Studi\VTS\Blatt 7_neu\tomcat\apache-tomcat-9.0.35\webapps\docs]
18-May-2020 15:15:10.845 INFORMATION [main] org.apache.catalina.startup.HostConfig.deployDirectory Deployment of web application directory [C:\Users\benno\OneDrive\Studi\VTS\Blatt 7_neu\tomcat\apache-tomcat-9.0.35\webapps\docs] has finished in [19] ms
18-May-2020 15:15:10.846 INFORMATION [main] org.apache.catalina.startup.HostConfig.deployDirectory Deploye Web-Applikations-Verzeichnis [C:\Users\benno\OneDrive\Studi\VTS\Blatt 7_neu\tomcat\apache-tomcat-9.0.35\webapps\examples]
18-May-2020 15:15:11.184 INFORMATION [main] org.apache.catalina.startup.HostConfig.deployDirectory Deployment of web application directory [C:\Users\benno\OneDrive\Studi\VTS\Blatt 7_neu\tomcat\apache-tomcat-9.0.35\webapps\examples] has finished in [338] ms
18-May-2020 15:15:11.185 INFORMATION [main] org.apache.catalina.startup.HostConfig.deployDirectory Deploye Web-Applikations-Verzeichnis [C:\Users\benno\OneDrive\Studi\VTS\Blatt 7_neu\tomcat\apache-tomcat-9.0.35\webapps\host-manager]
18-May-2020 15:15:11.213 INFORMATION [main] org.apache.catalina.startup.HostConfig.deployDirectory Deployment of web application directory [C:\Users\benno\OneDrive\Studi\VTS\Blatt 7_neu\tomcat\apache-tomcat-9.0.35\webapps\host-manager] has finished in [28] ms
18-May-2020 15:15:11.213 INFORMATION [main] org.apache.catalina.startup.HostConfig.deployDirectory Deploye Web-Applikations-Verzeichnis [C:\Users\benno\OneDrive\Studi\VTS\Blatt 7_neu\tomcat\apache-tomcat-9.0.35\webapps\manager]
18-May-2020 15:15:11.237 INFORMATION [main] org.apache.catalina.startup.HostConfig.deployDirectory Deployment of web application directory [C:\Users\benno\OneDrive\Studi\VTS\Blatt 7_neu\tomcat\apache-tomcat-9.0.35\webapps\manager] has finished in [24] ms
18-May-2020 15:15:11.237 INFORMATION [main] org.apache.catalina.startup.HostConfig.deployDirectory Deploye Web-Applikations-Verzeichnis [C:\Users\benno\OneDrive\Studi\VTS\Blatt 7_neu\tomcat\apache-tomcat-9.0.35\webapps\ROOT]
18-May-2020 15:15:11.256 INFORMATION [main] org.apache.catalina.startup.HostConfig.deployDirectory Deployment of web application directory [C:\Users\benno\OneDrive\Studi\VTS\Blatt 7_neu\tomcat\apache-tomcat-9.0.35\webapps\ROOT] has finished in [19] ms
18-May-2020 15:15:11.258 INFORMATION [main] org.apache.coyote.AbstractProtocol.start Starting ProtocolHandler ["http-nio-8080"]
18-May-2020 15:15:11.264 INFORMATION [main] org.apache.catalina.startup.Catalina.start Server startup in [668] milliseconds
18-May-2020 15:21:03.419 INFORMATION [Thread-4] org.apache.coyote.AbstractProtocol.pause Pausing ProtocolHandler ["http-nio-8080"]
18-May-2020 15:21:03.560 INFORMATION [Thread-4] org.apache.catalina.core.StandardService.stopInternal Stopping service [Catalina]
18-May-2020 15:21:03.576 INFORMATION [Thread-4] org.apache.coyote.AbstractProtocol.stop Stopping ProtocolHandler ["http-nio-8080"]
18-May-2020 15:21:03.578 INFORMATION [Thread-4] org.apache.coyote.AbstractProtocol.destroy Destroying ProtocolHandler ["http-nio-8080"]
