pdt: ----------------------------------
pdt: Tue Jan 05 12:24:28 CET 2021
pdt: ----------------------------------
pdt: set debug output to LOGFILE
pdt: ----------------------------------
pdt: Tue Jan 05 12:24:28 CET 2021
pdt: ----------------------------------
pdt: set debug output to LOGFILE
pdt: WARNING - 05/01 12:24:35 - Prolog Process Default Process Work: Prolog warnings and errors during initialization:
Location: c:/users/benno/onedrive/studi/ooad/kleukersseu/eclipse/plugins/org.cs3.pdt.common_3.1.2.201504300958/pl/pdt_manual_entry.pl:22
Message: source_sink `library(helpidx)' does not exist

Location: c:/users/benno/onedrive/studi/ooad/kleukersseu/eclipse/plugins/org.cs3.pdt.common_3.1.2.201504300958/pl/pdt_manual_entry.pl:22
Message: Goal (directive) failed: pdt_manual_entry:use_module(library(helpidx))


pdt: ----------------------------------
pdt: Tue Jan 05 15:18:34 CET 2021
pdt: ----------------------------------
pdt: set debug output to LOGFILE
pdt: ----------------------------------
pdt: Tue Jan 05 15:18:34 CET 2021
pdt: ----------------------------------
pdt: set debug output to LOGFILE
pdt: WARNING - 05/01 15:18:49 - Prolog Process Default Process Work: Prolog warnings and errors during initialization:
Location: c:/users/benno/onedrive/studi/ooad/kleukersseu/eclipse/plugins/org.cs3.pdt.common_3.1.2.201504300958/pl/pdt_manual_entry.pl:22
Message: source_sink `library(helpidx)' does not exist

Location: c:/users/benno/onedrive/studi/ooad/kleukersseu/eclipse/plugins/org.cs3.pdt.common_3.1.2.201504300958/pl/pdt_manual_entry.pl:22
Message: Goal (directive) failed: pdt_manual_entry:use_module(library(helpidx))


pdt: ----------------------------------
pdt: Tue Jan 05 16:28:40 CET 2021
pdt: ----------------------------------
pdt: set debug output to LOGFILE
pdt: ----------------------------------
pdt: Tue Jan 05 16:28:40 CET 2021
pdt: ----------------------------------
pdt: set debug output to LOGFILE
pdt: WARNING - 05/01 16:28:41 - Prolog Process Default Process Work: Prolog warnings and errors during initialization:
Location: c:/users/benno/onedrive/studi/ooad/kleukersseu/eclipse/plugins/org.cs3.pdt.common_3.1.2.201504300958/pl/pdt_manual_entry.pl:22
Message: source_sink `library(helpidx)' does not exist

Location: c:/users/benno/onedrive/studi/ooad/kleukersseu/eclipse/plugins/org.cs3.pdt.common_3.1.2.201504300958/pl/pdt_manual_entry.pl:22
Message: Goal (directive) failed: pdt_manual_entry:use_module(library(helpidx))


